2025-08-18 15:53:57,772 - INFO - Загрузка модели классификации...
2025-08-18 15:53:58,570 - INFO - Модель загружена
2025-08-18 15:55:01,285 - INFO - Загрузка модели классификации...
2025-08-18 15:55:02,058 - INFO - Модель загружена
2025-08-18 15:55:02,058 - INFO - Обработка Lenta.ru
2025-08-18 15:55:29,156 - INFO - Обработка Interfax
2025-08-18 15:55:30,662 - INFO - Обработка RIA Novosti
2025-08-18 15:56:08,602 - INFO - Обработка Vedomosti
2025-08-18 15:58:28,869 - INFO - Обработка Hi-Tech Mail.ru
2025-08-18 15:58:31,838 - INFO - Обработка Recyclemag
2025-08-18 15:58:31,934 - INFO - Обработка Коммерсантъ Энергетика
2025-08-18 15:58:32,053 - INFO - Обработка ТАСС Экономика
2025-08-18 15:58:32,162 - INFO - Обработка РИА Наука
2025-08-18 15:58:32,408 - INFO - Обработка Энергосовет
2025-08-18 15:58:32,499 - INFO - Обработка RENEN - ВИЭ
2025-08-18 15:58:36,011 - INFO - Обработка Электровести
2025-08-18 15:58:36,076 - WARNING - Ошибка подключения: HTTPSConnectionPool(host='electrovesti.net', port=443): Max retries exceeded with url: /feed/ (Caused by NameResolutionError("<urllib3.connection.HTTPSConnection object at 0x000001F6CAB3B250>: Failed to resolve 'electrovesti.net' ([Errno 11001] getaddrinfo failed)"))
2025-08-18 15:58:36,077 - INFO - Обработка Green Evolution
2025-08-18 15:58:36,315 - INFO - Обработка Энерговектор
2025-08-18 15:58:36,508 - INFO - Обработка Минэнерго РФ
2025-08-18 15:58:36,601 - WARNING - Ошибка подключения: HTTPSConnectionPool(host='www.minenergo.gov.ru', port=443): Max retries exceeded with url: /rss/news (Caused by SSLError(SSLCertVerificationError(1, '[SSL: CERTIFICATE_VERIFY_FAILED] certificate verify failed: unable to get local issuer certificate (_ssl.c:1018)')))
2025-08-18 15:58:36,601 - INFO - Обработка Reuters Energy
2025-08-18 15:58:37,874 - INFO - Обработка Bloomberg Green
2025-08-18 15:58:38,388 - INFO - Обработка CleanTechnica
2025-08-18 15:59:47,759 - INFO - Обработка H2 View
2025-08-18 15:59:48,182 - INFO - Обработка Energy News Network
2025-08-18 15:59:48,883 - INFO - Обработка Greentech Media
2025-08-18 15:59:49,860 - INFO - Обработка Hydrogen Fuel News
2025-08-18 16:00:31,544 - INFO - Обработка PV Magazine
2025-08-18 16:01:02,166 - INFO - Обработка Renewable Energy World
2025-08-18 16:01:02,290 - INFO - Обработка Green Car Congress
2025-08-18 16:01:02,525 - INFO - Обработка Energy Storage News
2025-08-18 16:01:15,316 - INFO - Сохранено 72 новостей
2025-08-18 16:01:15,316 - INFO - Отчет о статистике сохранен в processing_stats_20250818_1601.txt
